2026-06-26 23:28:41,303 - sit_fuse_rtrbm.temporal.rtrbm — INFO — Overriding class: RBM -> RTRBM.
2026-06-26 23:28:41,304 - learnergy.models.bernoulli.rbm — INFO — Overriding class: Model -> RBM.
2026-06-26 23:28:41,304 - learnergy.core.model — DEBUG — Device: cpu.
2026-06-26 23:28:42,452 - learnergy.models.bernoulli.rbm — INFO — Class overrided.
2026-06-26 23:28:42,452 - learnergy.models.bernoulli.rbm — DEBUG — Size: (10, 6) | Learning: CD-1 | Hyperparameters: lr = 0.1, momentum = 0.0, decay = 0.0, T = 1.0.
2026-06-26 23:28:42,453 - sit_fuse_rtrbm.temporal.rtrbm — INFO — Class overrided.
2026-06-26 23:28:42,454 - sit_fuse_rtrbm.temporal.rtrbm — INFO — Overriding class: RBM -> RTRBM.
2026-06-26 23:28:42,454 - learnergy.models.bernoulli.rbm — INFO — Overriding class: Model -> RBM.
2026-06-26 23:28:42,454 - learnergy.core.model — DEBUG — Device: cpu.
2026-06-26 23:28:42,455 - learnergy.models.bernoulli.rbm — INFO — Class overrided.
2026-06-26 23:28:42,455 - learnergy.models.bernoulli.rbm — DEBUG — Size: (10, 6) | Learning: CD-1 | Hyperparameters: lr = 0.1, momentum = 0.0, decay = 0.0, T = 1.0.
2026-06-26 23:28:42,455 - sit_fuse_rtrbm.temporal.rtrbm — INFO — Class overrided.
2026-06-26 23:28:42,456 - sit_fuse_rtrbm.temporal.rtrbm — INFO — Overriding class: RBM -> RTRBM.
2026-06-26 23:28:42,456 - learnergy.models.bernoulli.rbm — INFO — Overriding class: Model -> RBM.
2026-06-26 23:28:42,456 - learnergy.core.model — DEBUG — Device: cpu.
2026-06-26 23:28:42,456 - learnergy.models.bernoulli.rbm — INFO — Class overrided.
2026-06-26 23:28:42,456 - learnergy.models.bernoulli.rbm — DEBUG — Size: (10, 6) | Learning: CD-1 | Hyperparameters: lr = 0.1, momentum = 0.0, decay = 0.0, T = 1.0.
2026-06-26 23:28:42,456 - sit_fuse_rtrbm.temporal.rtrbm — INFO — Class overrided.
2026-06-26 23:28:42,457 - sit_fuse_rtrbm.temporal.rtrbm — INFO — Overriding class: RBM -> RTRBM.
2026-06-26 23:28:42,457 - learnergy.models.bernoulli.rbm — INFO — Overriding class: Model -> RBM.
2026-06-26 23:28:42,457 - learnergy.core.model — DEBUG — Device: cpu.
2026-06-26 23:28:42,457 - learnergy.models.bernoulli.rbm — INFO — Class overrided.
2026-06-26 23:28:42,457 - learnergy.models.bernoulli.rbm — DEBUG — Size: (10, 6) | Learning: CD-1 | Hyperparameters: lr = 0.1, momentum = 0.0, decay = 0.0, T = 1.0.
2026-06-26 23:28:42,458 - sit_fuse_rtrbm.temporal.rtrbm — INFO — Class overrided.
2026-06-26 23:28:42,458 - sit_fuse_rtrbm.temporal.rtrbm — INFO — Overriding class: RBM -> RTRBM.
2026-06-26 23:28:42,458 - learnergy.models.bernoulli.rbm — INFO — Overriding class: Model -> RBM.
2026-06-26 23:28:42,458 - learnergy.core.model — DEBUG — Device: cpu.
2026-06-26 23:28:42,458 - learnergy.models.bernoulli.rbm — INFO — Class overrided.
2026-06-26 23:28:42,458 - learnergy.models.bernoulli.rbm — DEBUG — Size: (10, 6) | Learning: CD-1 | Hyperparameters: lr = 0.1, momentum = 0.0, decay = 0.0, T = 1.0.
2026-06-26 23:28:42,459 - sit_fuse_rtrbm.temporal.rtrbm — INFO — Class overrided.
